var arr = [10,20,30];
undefined
for(let i =0; i<arr.length; i++){
console.log(arr[i]);
}
VM214:2 10
VM214:2 20
VM214:2 30
undefined
arr.forEach;
ƒ forEach() { [native code] }
function printIt(element){
    console.log('Element is ',element);
}
undefined
arr.forEach(printIt);
VM359:2 Element is  10
VM359:2 Element is  20
VM359:2 Element is  30
undefined
arr.forEach(element=>console.log('ele',element));
VM522:1 ele 10
VM522:1 ele 20
VM522:1 ele 30
undefined
arr.forEach((element,index)=>console.log('ele',element,index));
VM584:1 ele 10 0
VM584:1 ele 20 1
VM584:1 ele 30 2
undefined
arr.forEach((element,index, a)=>console.log('ele',element,index, a));
VM604:1 ele 10 0 (3) [10, 20, 30]
VM604:1 ele 20 1 (3) [10, 20, 30]
VM604:1 ele 30 2 (3) [10, 20, 30]
undefined
arr;
(3) [10, 20, 30]
arr.push(10000);
4
arr;
(4) [10, 20, 30, 10000]
arr.push(10000,2000,3000,40000,4032);
9
arr;
(9) [10, 20, 30, 10000, 10000, 2000, 3000, 40000, 4032]
arr.unshift(222);
10
arr;
(10) [222, 10, 20, 30, 10000, 10000, 2000, 3000, 40000, 4032]
arr.splice(1);
(9) [10, 20, 30, 10000, 10000, 2000, 3000, 40000, 4032]
arr;
[222]
arr = [222, 10, 20, 30, 10000, 10000, 2000, 3000, 40000, 4032];
(10) [222, 10, 20, 30, 10000, 10000, 2000, 3000, 40000, 4032]
arr.splice(1,1);
[10]
arr;
(9) [222, 20, 30, 10000, 10000, 2000, 3000, 40000, 4032]0: 2221: 202: 303: 100004: 100005: 20006: 30007: 400008: 4032length: 9__proto__: Array(0)
arr.splice(1,3);
(3) [20, 30, 10000]
arr;
(6) [222, 10000, 2000, 3000, 40000, 4032]
arr.splice(1,1,4444);
[10000]
arr;
(6) [222, 4444, 2000, 3000, 40000, 4032]
arr.replace
undefined
Array;
ƒ Array() { [native code] }
typeof Array;
"function"
Array.prototype.forEach
ƒ forEach() { [native code] }
Array.prototype.push
ƒ push() { [native code] }
Array.prototype.unshift
ƒ unshift() { [native code] }
Array.prototype.replace 
undefined

Array.prototype.replace = function(index, val){
    this.splice(index,1, val); // current calling object reference
    return this;
}
ƒ (index, val){
    this.splice(index,1, val); // current calling object reference
    return this;
}
arr.replace
ƒ (index, val){
    this.splice(index,1, val); // current calling object reference
    return this;
}
arr;
(6) [222, 4444, 2000, 3000, 40000, 4032]
arr.replace(2, 88888);
(6) [222, 4444, 88888, 3000, 40000, 4032]
arr;
(6) [222, 4444, 88888, 3000, 40000, 4032]0: 2221: 44442: 888883: 30004: 400005: 4032length: 6__proto__: Array(0)
arr.splice(1,3,1,2,3);
(3) [4444, 88888, 3000]
arr;
(6) [222, 1, 2, 3, 40000, 4032]
arr;
(6) [222, 1, 2, 3, 40000, 4032]0: 2221: 12: 23: 34: 400005: 4032length: 6__proto__: Array(0)
arr.splice(1,0,77777);
[]
arr;
(7) [222, 77777, 1, 2, 3, 40000, 4032]
Array.prototype.insert = function(index, val){
    this.splice(index, 0, val);
    return this;
}
ƒ (index, val){
    this.splice(index, 0, val);
    return this;
}
arr;
(7) [222, 77777, 1, 2, 3, 40000, 4032]
arr.insert(3, 818181);
(8) [222, 77777, 1, 818181, 2, 3, 40000, 4032]
arr;
(8) [222, 77777, 1, 818181, 2, 3, 40000, 4032]
arr = [];
[]
arr = [222, 77777, 1, 818181, 2, 3, 40000, 4032];
(8) [222, 77777, 1, 818181, 2, 3, 40000, 4032]
arr.length = 3;
3
arr;
(3) [222, 77777, 1]
arr[0] = 43543;
43543
arr;
(3) [43543, 77777, 1]
arr.indexOf(10)
-1
arr.indexOf(1)
2
arr = [10,20,30,10,90,100,100,10];
(8) [10, 20, 30, 10, 90, 100, 100, 10]
arr.find(element=>element==10);
10
arr.find(element=>element==100);
100
arr.find(element=>element==1000);
undefined
arr.findIndex(element=>element==100);
5
arr.findIndex(element=>element==10);
0
arr.findIndex(element=>element==1000);
-1
var products = [
    {name:'Iphone 11', price:50000, brand:'Apple'}, 
{name:'Galaxy S10', price:60000, brand:'Samsung'}

];
undefined
products.find(product=>product.brand=='Apple');
{name: "Iphone 11", price: 50000, brand: "Apple"}
var products = [
    {name:'Iphone 11', price:50000, brand:'Apple'},
{name:'Iphone 12', price:70000, brand:'Apple'}, 
{name:'Galaxy S10', price:60000, brand:'Samsung'}

];
undefined
products.find(product=>product.brand=='Apple');
{name: "Iphone 11", price: 50000, brand: "Apple"}
products.filter(product=>product.brand=='Apple');
(2) [{…}, {…}]0: {name: "Iphone 11", price: 50000, brand: "Apple"}1: {name: "Iphone 12", price: 70000, brand: "Apple"}length: 2__proto__: Array(0)
var price = 1000.545;
undefined
price.toLocaleString('hi-IN');
"1,000.545"
products;
(3) [{…}, {…}, {…}]0: {name: "Iphone 11", price: 50000, brand: "Apple"}1: {name: "Iphone 12", price: 70000, brand: "Apple"}2: {name: "Galaxy S10", price: 60000, brand: "Samsung"}length: 3__proto__: Array(0)insert: ƒ (index, val)replace: ƒ (index, val)concat: ƒ concat()constructor: ƒ Array()copyWithin: ƒ copyWithin()entries: ƒ entries()every: ƒ every()fill: ƒ fill()filter: ƒ filter()find: ƒ find()findIndex: ƒ findIndex()flat: ƒ flat()flatMap: ƒ flatMap()forEach: ƒ forEach()includes: ƒ includes()indexOf: ƒ indexOf()join: ƒ join()keys: ƒ keys()lastIndexOf: ƒ lastIndexOf()length: 0map: ƒ map()pop: ƒ pop()push: ƒ push()reduce: ƒ reduce()reduceRight: ƒ reduceRight()reverse: ƒ reverse()shift: ƒ shift()slice: ƒ slice()some: ƒ some()sort: ƒ sort()splice: ƒ splice()toLocaleString: ƒ toLocaleString()toString: ƒ toString()unshift: ƒ unshift()values: ƒ values()Symbol(Symbol.iterator): ƒ values()Symbol(Symbol.unscopables): {copyWithin: true, entries: true, fill: true, find: true, findIndex: true, …}__proto__: Object
var formattedArr = products.map(product=> ` Name ${product.name.toUpperCase()} Price ${product.price.toLocaleString('hi-IN'}`;
VM3535:1 Uncaught SyntaxError: missing ) after argument list
var formattedArr = products.map(product=> ` Name ${product.name.toUpperCase()} Price ${product.price.toLocaleString('hi-IN'}`);
VM3543:1 Uncaught SyntaxError: missing ) after argument list
var formattedArr = products.map(product=> ` Name ${product.name.toUpperCase()} Price ${product.price.toLocaleString('hi-IN')}`);
undefined
formattedArr;
(3) [" Name IPHONE 11 Price 50,000", " Name IPHONE 12 Price 70,000", " Name GALAXY S10 Price 60,000"]0: " Name IPHONE 11 Price 50,000"1: " Name IPHONE 12 Price 70,000"2: " Name GALAXY S10 Price 60,000"length: 3__proto__: Array(0)
products;
(3) [{…}, {…}, {…}]0: {name: "Iphone 11", price: 50000, brand: "Apple"}1: {name: "Iphone 12", price: 70000, brand: "Apple"}2: {name: "Galaxy S10", price: 60000, brand: "Samsung"}length: 3__proto__: Array(0)
